<?xml version="1.0" encoding="UTF-8"?>
<testng-results ignored="0" total="1" passed="1" failed="0" skipped="0">
  <reporter-output>
  </reporter-output>
  <suite started-at="2022-04-26T13:46:18 IST" name="Suite" finished-at="2022-04-26T13:46:56 IST" duration-ms="38029">
    <groups>
    </groups>
    <test started-at="2022-04-26T13:46:18 IST" name="Test" finished-at="2022-04-26T13:46:56 IST" duration-ms="38029">
      <class name="actionExample.DragDropTest">
        <test-method is-config="true" signature="launchApp()[pri:0, instance:actionExample.DragDropTest@1d7acb34]" started-at="2022-04-26T13:46:18 IST" name="launchApp" finished-at="2022-04-26T13:46:44 IST" duration-ms="26184" status="PASS">
          <reporter-output>
          </reporter-output>
        </test-method> <!-- launchApp -->
        <test-method signature="promptAlert()[pri:0, instance:actionExample.DragDropTest@1d7acb34]" started-at="2022-04-26T13:46:44 IST" name="promptAlert" finished-at="2022-04-26T13:46:51 IST" duration-ms="6928" status="PASS">
          <reporter-output>
          </reporter-output>
        </test-method> <!-- promptAlert -->
        <test-method is-config="true" signature="closeBrowser()[pri:0, instance:actionExample.DragDropTest@1d7acb34]" started-at="2022-04-26T13:46:51 IST" name="closeBrowser" finished-at="2022-04-26T13:46:56 IST" duration-ms="4766" status="PASS">
          <reporter-output>
          </reporter-output>
        </test-method> <!-- closeBrowser -->
      </class> <!-- actionExample.DragDropTest -->
    </test> <!-- Test -->
  </suite> <!-- Suite -->
</testng-results>
