<?xml version="1.0" encoding="UTF-8"?>
<testng-results ignored="0" total="1" passed="1" failed="0" skipped="0">
  <reporter-output>
  </reporter-output>
  <suite started-at="2022-04-26T13:41:13 IST" name="Default suite" finished-at="2022-04-26T13:41:53 IST" duration-ms="40642">
    <groups>
    </groups>
    <test started-at="2022-04-26T13:41:13 IST" name="Default test" finished-at="2022-04-26T13:41:53 IST" duration-ms="40642">
      <class name="actionExample.DragDropTest">
        <test-method is-config="true" signature="launchApp()[pri:0, instance:actionExample.DragDropTest@3e96bacf]" started-at="2022-04-26T13:41:13 IST" name="launchApp" finished-at="2022-04-26T13:41:36 IST" duration-ms="23837" status="PASS">
          <reporter-output>
          </reporter-output>
        </test-method> <!-- launchApp -->
        <test-method signature="promptAlert()[pri:0, instance:actionExample.DragDropTest@3e96bacf]" started-at="2022-04-26T13:41:37 IST" name="promptAlert" finished-at="2022-04-26T13:41:45 IST" duration-ms="8732" status="PASS">
          <reporter-output>
          </reporter-output>
        </test-method> <!-- promptAlert -->
        <test-method is-config="true" signature="closeBrowser()[pri:0, instance:actionExample.DragDropTest@3e96bacf]" started-at="2022-04-26T13:41:45 IST" name="closeBrowser" finished-at="2022-04-26T13:41:53 IST" duration-ms="7884" status="PASS">
          <reporter-output>
          </reporter-output>
        </test-method> <!-- closeBrowser -->
      </class> <!-- actionExample.DragDropTest -->
    </test> <!-- Default test -->
  </suite> <!-- Default suite -->
</testng-results>
